2024-02-16 10:01:04,417:WARNING:
'cuml' is a soft dependency and not included in the pycaret installation. Please run: `pip install cuml` to install.
2024-02-16 10:01:04,418:WARNING:
'cuml' is a soft dependency and not included in the pycaret installation. Please run: `pip install cuml` to install.
2024-02-16 10:01:04,418:WARNING:
'cuml' is a soft dependency and not included in the pycaret installation. Please run: `pip install cuml` to install.
2024-02-16 10:01:04,419:WARNING:
'cuml' is a soft dependency and not included in the pycaret installation. Please run: `pip install cuml` to install.
2024-02-16 10:06:04,463:WARNING:
'cuml' is a soft dependency and not included in the pycaret installation. Please run: `pip install cuml` to install.
2024-02-16 10:06:04,464:WARNING:
'cuml' is a soft dependency and not included in the pycaret installation. Please run: `pip install cuml` to install.
2024-02-16 10:06:04,465:WARNING:
'cuml' is a soft dependency and not included in the pycaret installation. Please run: `pip install cuml` to install.
2024-02-16 10:06:04,465:WARNING:
'cuml' is a soft dependency and not included in the pycaret installation. Please run: `pip install cuml` to install.
2024-02-16 10:53:42,649:WARNING:
'cuml' is a soft dependency and not included in the pycaret installation. Please run: `pip install cuml` to install.
2024-02-16 10:53:42,650:WARNING:
'cuml' is a soft dependency and not included in the pycaret installation. Please run: `pip install cuml` to install.
2024-02-16 10:53:42,650:WARNING:
'cuml' is a soft dependency and not included in the pycaret installation. Please run: `pip install cuml` to install.
2024-02-16 10:53:42,650:WARNING:
'cuml' is a soft dependency and not included in the pycaret installation. Please run: `pip install cuml` to install.
2024-02-16 10:54:19,976:WARNING:
'cuml' is a soft dependency and not included in the pycaret installation. Please run: `pip install cuml` to install.
2024-02-16 10:54:19,977:WARNING:
'cuml' is a soft dependency and not included in the pycaret installation. Please run: `pip install cuml` to install.
2024-02-16 10:54:19,977:WARNING:
'cuml' is a soft dependency and not included in the pycaret installation. Please run: `pip install cuml` to install.
2024-02-16 10:54:19,977:WARNING:
'cuml' is a soft dependency and not included in the pycaret installation. Please run: `pip install cuml` to install.
2024-02-16 10:56:50,278:WARNING:
'cuml' is a soft dependency and not included in the pycaret installation. Please run: `pip install cuml` to install.
2024-02-16 10:56:50,278:WARNING:
'cuml' is a soft dependency and not included in the pycaret installation. Please run: `pip install cuml` to install.
2024-02-16 10:56:50,278:WARNING:
'cuml' is a soft dependency and not included in the pycaret installation. Please run: `pip install cuml` to install.
2024-02-16 10:56:50,279:WARNING:
'cuml' is a soft dependency and not included in the pycaret installation. Please run: `pip install cuml` to install.
2024-02-16 10:56:51,040:INFO:PyCaret RegressionExperiment
2024-02-16 10:56:51,041:INFO:Logging name: reg-default-name
2024-02-16 10:56:51,041:INFO:ML Usecase: MLUsecase.REGRESSION
2024-02-16 10:56:51,041:INFO:version 3.2.0
2024-02-16 10:56:51,042:INFO:Initializing setup()
2024-02-16 10:56:51,042:INFO:self.USI: b62f
2024-02-16 10:56:51,043:INFO:self._variable_keys: {'gpu_n_jobs_param', 'y', '_available_plots', 'fold_groups_param', 'idx', 'log_plots_param', 'X_test', 'memory', 'fold_shuffle_param', 'n_jobs_param', 'data', 'seed', 'html_param', 'target_param', 'gpu_param', 'y_test', '_ml_usecase', 'y_train', 'pipeline', 'X', 'transform_target_param', 'USI', 'logging_param', 'X_train', 'exp_name_log', 'exp_id', 'fold_generator'}
2024-02-16 10:56:51,043:INFO:Checking environment
2024-02-16 10:56:51,043:INFO:python_version: 3.10.6
2024-02-16 10:56:51,043:INFO:python_build: ('main', 'May 29 2023 11:10:38')
2024-02-16 10:56:51,044:INFO:machine: x86_64
2024-02-16 10:56:51,047:INFO:platform: Linux-5.10.16.3-microsoft-standard-WSL2-x86_64-with-glibc2.35
2024-02-16 10:56:51,048:INFO:Memory: svmem(total=8275877888, available=7766835200, percent=6.2, used=258347008, free=6842535936, active=339312640, inactive=946843648, buffers=46313472, cached=1128681472, shared=69632, slab=87867392)
2024-02-16 10:56:51,049:INFO:Physical Core: 4
2024-02-16 10:56:51,049:INFO:Logical Core: 8
2024-02-16 10:56:51,050:INFO:Checking libraries
2024-02-16 10:56:51,050:INFO:System:
2024-02-16 10:56:51,050:INFO:    python: 3.10.6 (main, May 29 2023, 11:10:38) [GCC 11.3.0]
2024-02-16 10:56:51,051:INFO:executable: /mnt/c/Users/LENOVO/myvenv/bin/python3
2024-02-16 10:56:51,051:INFO:   machine: Linux-5.10.16.3-microsoft-standard-WSL2-x86_64-with-glibc2.35
2024-02-16 10:56:51,051:INFO:PyCaret required dependencies:
2024-02-16 10:56:51,165:INFO:                 pip: 24.0
2024-02-16 10:56:51,166:INFO:          setuptools: 59.6.0
2024-02-16 10:56:51,166:INFO:             pycaret: 3.2.0
2024-02-16 10:56:51,166:INFO:             IPython: 8.21.0
2024-02-16 10:56:51,167:INFO:          ipywidgets: 8.1.2
2024-02-16 10:56:51,167:INFO:                tqdm: 4.66.2
2024-02-16 10:56:51,167:INFO:               numpy: 1.25.2
2024-02-16 10:56:51,167:INFO:              pandas: 1.5.3
2024-02-16 10:56:51,167:INFO:              jinja2: 3.1.3
2024-02-16 10:56:51,168:INFO:               scipy: 1.10.1
2024-02-16 10:56:51,168:INFO:              joblib: 1.3.2
2024-02-16 10:56:51,168:INFO:             sklearn: 1.2.2
2024-02-16 10:56:51,168:INFO:                pyod: 1.1.3
2024-02-16 10:56:51,169:INFO:            imblearn: 0.12.0
2024-02-16 10:56:51,169:INFO:   category_encoders: 2.6.3
2024-02-16 10:56:51,169:INFO:            lightgbm: 4.3.0
2024-02-16 10:56:51,169:INFO:               numba: 0.59.0
2024-02-16 10:56:51,170:INFO:            requests: 2.31.0
2024-02-16 10:56:51,170:INFO:          matplotlib: 3.6.0
2024-02-16 10:56:51,170:INFO:          scikitplot: 0.3.7
2024-02-16 10:56:51,170:INFO:         yellowbrick: 1.5
2024-02-16 10:56:51,170:INFO:              plotly: 5.19.0
2024-02-16 10:56:51,171:INFO:    plotly-resampler: Not installed
2024-02-16 10:56:51,171:INFO:             kaleido: 0.2.1
2024-02-16 10:56:51,171:INFO:           schemdraw: 0.15
2024-02-16 10:56:51,172:INFO:         statsmodels: 0.14.1
2024-02-16 10:56:51,172:INFO:              sktime: 0.21.1
2024-02-16 10:56:51,172:INFO:               tbats: 1.1.3
2024-02-16 10:56:51,172:INFO:            pmdarima: 2.0.4
2024-02-16 10:56:51,172:INFO:              psutil: 5.9.8
2024-02-16 10:56:51,173:INFO:          markupsafe: 2.1.5
2024-02-16 10:56:51,173:INFO:             pickle5: Not installed
2024-02-16 10:56:51,173:INFO:         cloudpickle: 3.0.0
2024-02-16 10:56:51,173:INFO:         deprecation: 2.1.0
2024-02-16 10:56:51,173:INFO:              xxhash: 3.4.1
2024-02-16 10:56:51,174:INFO:           wurlitzer: 3.0.3
2024-02-16 10:56:51,174:INFO:PyCaret optional dependencies:
2024-02-16 10:56:51,212:INFO:                shap: Not installed
2024-02-16 10:56:51,213:INFO:           interpret: Not installed
2024-02-16 10:56:51,213:INFO:                umap: Not installed
2024-02-16 10:56:51,213:INFO:     ydata_profiling: Not installed
2024-02-16 10:56:51,213:INFO:  explainerdashboard: Not installed
2024-02-16 10:56:51,213:INFO:             autoviz: Not installed
2024-02-16 10:56:51,214:INFO:           fairlearn: Not installed
2024-02-16 10:56:51,214:INFO:          deepchecks: Not installed
2024-02-16 10:56:51,214:INFO:             xgboost: Not installed
2024-02-16 10:56:51,214:INFO:            catboost: Not installed
2024-02-16 10:56:51,215:INFO:              kmodes: Not installed
2024-02-16 10:56:51,215:INFO:             mlxtend: Not installed
2024-02-16 10:56:51,215:INFO:       statsforecast: Not installed
2024-02-16 10:56:51,215:INFO:        tune_sklearn: Not installed
2024-02-16 10:56:51,215:INFO:                 ray: Not installed
2024-02-16 10:56:51,216:INFO:            hyperopt: Not installed
2024-02-16 10:56:51,216:INFO:              optuna: Not installed
2024-02-16 10:56:51,216:INFO:               skopt: Not installed
2024-02-16 10:56:51,216:INFO:              mlflow: Not installed
2024-02-16 10:56:51,217:INFO:              gradio: Not installed
2024-02-16 10:56:51,217:INFO:             fastapi: Not installed
2024-02-16 10:56:51,217:INFO:             uvicorn: Not installed
2024-02-16 10:56:51,217:INFO:              m2cgen: Not installed
2024-02-16 10:56:51,217:INFO:           evidently: Not installed
2024-02-16 10:56:51,218:INFO:               fugue: Not installed
2024-02-16 10:56:51,218:INFO:           streamlit: Not installed
2024-02-16 10:56:51,218:INFO:             prophet: Not installed
2024-02-16 10:56:51,218:INFO:None
2024-02-16 10:56:51,219:INFO:Set up data.
2024-02-16 10:56:51,247:INFO:Set up folding strategy.
2024-02-16 10:56:51,247:INFO:Set up train/test split.
2024-02-16 10:56:51,262:INFO:Set up index.
2024-02-16 10:56:51,266:INFO:Assigning column types.
2024-02-16 10:56:51,270:INFO:Engine successfully changes for model 'lr' to 'sklearn'.
2024-02-16 10:56:51,271:INFO:Engine for model 'lasso' has not been set explicitly, hence returning None.
2024-02-16 10:56:51,276:INFO:Engine for model 'ridge' has not been set explicitly, hence returning None.
2024-02-16 10:56:51,280:INFO:Engine for model 'en' has not been set explicitly, hence returning None.
2024-02-16 10:56:51,343:INFO:Engine for model 'svm' has not been set explicitly, hence returning None.
2024-02-16 10:56:51,388:INFO:Engine for model 'knn' has not been set explicitly, hence returning None.
2024-02-16 10:56:51,389:WARNING:
'xgboost' is a soft dependency and not included in the pycaret installation. Please run: `pip install xgboost` to install.
Alternately, you can install this by running `pip install pycaret[models]`
2024-02-16 10:56:51,390:WARNING:
'catboost' is a soft dependency and not included in the pycaret installation. Please run: `pip install catboost` to install.
Alternately, you can install this by running `pip install pycaret[models]`
2024-02-16 10:56:51,390:INFO:Engine for model 'lasso' has not been set explicitly, hence returning None.
2024-02-16 10:56:51,395:INFO:Engine for model 'ridge' has not been set explicitly, hence returning None.
2024-02-16 10:56:51,400:INFO:Engine for model 'en' has not been set explicitly, hence returning None.
2024-02-16 10:56:51,457:INFO:Engine for model 'svm' has not been set explicitly, hence returning None.
2024-02-16 10:56:51,502:INFO:Engine for model 'knn' has not been set explicitly, hence returning None.
2024-02-16 10:56:51,503:WARNING:
'xgboost' is a soft dependency and not included in the pycaret installation. Please run: `pip install xgboost` to install.
Alternately, you can install this by running `pip install pycaret[models]`
2024-02-16 10:56:51,504:WARNING:
'catboost' is a soft dependency and not included in the pycaret installation. Please run: `pip install catboost` to install.
Alternately, you can install this by running `pip install pycaret[models]`
2024-02-16 10:56:51,504:INFO:Engine successfully changes for model 'lasso' to 'sklearn'.
2024-02-16 10:56:51,509:INFO:Engine for model 'ridge' has not been set explicitly, hence returning None.
2024-02-16 10:56:51,514:INFO:Engine for model 'en' has not been set explicitly, hence returning None.
2024-02-16 10:56:51,570:INFO:Engine for model 'svm' has not been set explicitly, hence returning None.
2024-02-16 10:56:51,616:INFO:Engine for model 'knn' has not been set explicitly, hence returning None.
2024-02-16 10:56:51,616:WARNING:
'xgboost' is a soft dependency and not included in the pycaret installation. Please run: `pip install xgboost` to install.
Alternately, you can install this by running `pip install pycaret[models]`
2024-02-16 10:56:51,617:WARNING:
'catboost' is a soft dependency and not included in the pycaret installation. Please run: `pip install catboost` to install.
Alternately, you can install this by running `pip install pycaret[models]`
2024-02-16 10:56:51,622:INFO:Engine for model 'ridge' has not been set explicitly, hence returning None.
2024-02-16 10:56:51,627:INFO:Engine for model 'en' has not been set explicitly, hence returning None.
2024-02-16 10:56:51,684:INFO:Engine for model 'svm' has not been set explicitly, hence returning None.
2024-02-16 10:56:51,730:INFO:Engine for model 'knn' has not been set explicitly, hence returning None.
2024-02-16 10:56:51,730:WARNING:
'xgboost' is a soft dependency and not included in the pycaret installation. Please run: `pip install xgboost` to install.
Alternately, you can install this by running `pip install pycaret[models]`
2024-02-16 10:56:51,731:WARNING:
'catboost' is a soft dependency and not included in the pycaret installation. Please run: `pip install catboost` to install.
Alternately, you can install this by running `pip install pycaret[models]`
2024-02-16 10:56:51,732:INFO:Engine successfully changes for model 'ridge' to 'sklearn'.
2024-02-16 10:56:51,742:INFO:Engine for model 'en' has not been set explicitly, hence returning None.
2024-02-16 10:56:51,798:INFO:Engine for model 'svm' has not been set explicitly, hence returning None.
2024-02-16 10:56:51,843:INFO:Engine for model 'knn' has not been set explicitly, hence returning None.
2024-02-16 10:56:51,844:WARNING:
'xgboost' is a soft dependency and not included in the pycaret installation. Please run: `pip install xgboost` to install.
Alternately, you can install this by running `pip install pycaret[models]`
2024-02-16 10:56:51,845:WARNING:
'catboost' is a soft dependency and not included in the pycaret installation. Please run: `pip install catboost` to install.
Alternately, you can install this by running `pip install pycaret[models]`
2024-02-16 10:56:51,855:INFO:Engine for model 'en' has not been set explicitly, hence returning None.
2024-02-16 10:56:51,912:INFO:Engine for model 'svm' has not been set explicitly, hence returning None.
2024-02-16 10:56:51,957:INFO:Engine for model 'knn' has not been set explicitly, hence returning None.
2024-02-16 10:56:51,958:WARNING:
'xgboost' is a soft dependency and not included in the pycaret installation. Please run: `pip install xgboost` to install.
Alternately, you can install this by running `pip install pycaret[models]`
2024-02-16 10:56:51,958:WARNING:
'catboost' is a soft dependency and not included in the pycaret installation. Please run: `pip install catboost` to install.
Alternately, you can install this by running `pip install pycaret[models]`
2024-02-16 10:56:51,959:INFO:Engine successfully changes for model 'en' to 'sklearn'.
2024-02-16 10:56:52,026:INFO:Engine for model 'svm' has not been set explicitly, hence returning None.
2024-02-16 10:56:52,071:INFO:Engine for model 'knn' has not been set explicitly, hence returning None.
2024-02-16 10:56:52,072:WARNING:
'xgboost' is a soft dependency and not included in the pycaret installation. Please run: `pip install xgboost` to install.
Alternately, you can install this by running `pip install pycaret[models]`
2024-02-16 10:56:52,072:WARNING:
'catboost' is a soft dependency and not included in the pycaret installation. Please run: `pip install catboost` to install.
Alternately, you can install this by running `pip install pycaret[models]`
2024-02-16 10:56:52,138:INFO:Engine for model 'svm' has not been set explicitly, hence returning None.
2024-02-16 10:56:52,183:INFO:Engine for model 'knn' has not been set explicitly, hence returning None.
2024-02-16 10:56:52,184:WARNING:
'xgboost' is a soft dependency and not included in the pycaret installation. Please run: `pip install xgboost` to install.
Alternately, you can install this by running `pip install pycaret[models]`
2024-02-16 10:56:52,185:WARNING:
'catboost' is a soft dependency and not included in the pycaret installation. Please run: `pip install catboost` to install.
Alternately, you can install this by running `pip install pycaret[models]`
2024-02-16 10:56:52,185:INFO:Engine successfully changes for model 'knn' to 'sklearn'.
2024-02-16 10:56:52,253:INFO:Engine for model 'svm' has not been set explicitly, hence returning None.
2024-02-16 10:56:52,298:WARNING:
'xgboost' is a soft dependency and not included in the pycaret installation. Please run: `pip install xgboost` to install.
Alternately, you can install this by running `pip install pycaret[models]`
2024-02-16 10:56:52,299:WARNING:
'catboost' is a soft dependency and not included in the pycaret installation. Please run: `pip install catboost` to install.
Alternately, you can install this by running `pip install pycaret[models]`
2024-02-16 10:56:52,364:INFO:Engine for model 'svm' has not been set explicitly, hence returning None.
2024-02-16 10:56:52,417:WARNING:
'xgboost' is a soft dependency and not included in the pycaret installation. Please run: `pip install xgboost` to install.
Alternately, you can install this by running `pip install pycaret[models]`
2024-02-16 10:56:52,418:WARNING:
'catboost' is a soft dependency and not included in the pycaret installation. Please run: `pip install catboost` to install.
Alternately, you can install this by running `pip install pycaret[models]`
2024-02-16 10:56:52,418:INFO:Engine successfully changes for model 'svm' to 'sklearn'.
2024-02-16 10:56:52,529:WARNING:
'xgboost' is a soft dependency and not included in the pycaret installation. Please run: `pip install xgboost` to install.
Alternately, you can install this by running `pip install pycaret[models]`
2024-02-16 10:56:52,530:WARNING:
'catboost' is a soft dependency and not included in the pycaret installation. Please run: `pip install catboost` to install.
Alternately, you can install this by running `pip install pycaret[models]`
2024-02-16 10:56:52,653:WARNING:
'xgboost' is a soft dependency and not included in the pycaret installation. Please run: `pip install xgboost` to install.
Alternately, you can install this by running `pip install pycaret[models]`
2024-02-16 10:56:52,654:WARNING:
'catboost' is a soft dependency and not included in the pycaret installation. Please run: `pip install catboost` to install.
Alternately, you can install this by running `pip install pycaret[models]`
2024-02-16 10:56:52,664:INFO:Preparing preprocessing pipeline...
2024-02-16 10:56:52,664:INFO:Set up simple imputation.
2024-02-16 10:56:52,675:INFO:Set up encoding of ordinal features.
2024-02-16 10:56:52,679:INFO:Set up encoding of categorical features.
2024-02-16 10:56:52,679:INFO:Set up polynomial features.
2024-02-16 10:56:52,680:INFO:Set up binning of numerical features.
2024-02-16 10:56:52,681:INFO:Set up feature normalization.
2024-02-16 10:56:53,404:INFO:Finished creating preprocessing pipeline.
2024-02-16 10:56:53,444:INFO:Pipeline: Pipeline(memory=FastMemory(location=/tmp/joblib),
         steps=[('numerical_imputer',
                 TransformerWrapper(include=['age', 'bmi', 'children'],
                                    transformer=SimpleImputer())),
                ('categorical_imputer',
                 TransformerWrapper(include=['sex', 'smoker', 'region'],
                                    transformer=SimpleImputer(strategy='most_frequent'))),
                ('ordinal_encoding',
                 TransformerWrapper(include=['sex', 'smoker...
                                    transformer=OneHotEncoder(cols=['region'],
                                                              handle_missing='return_nan',
                                                              use_cat_names=True))),
                ('polynomial_features',
                 TransformerWrapper(transformer=PolynomialFeatures(include_bias=False))),
                ('bin_numeric_features',
                 TransformerWrapper(include=['age', 'bmi'],
                                    transformer=KBinsDiscretizer(encode='ordinal',
                                                                 strategy='kmeans'))),
                ('normalize',
                 TransformerWrapper(transformer=StandardScaler()))])
2024-02-16 10:56:53,444:INFO:Creating final display dataframe.
2024-02-16 10:56:53,760:INFO:Setup _display_container:                     Description             Value
0                    Session id               123
1                        Target           charges
2                   Target type        Regression
3           Original data shape         (1338, 7)
4        Transformed data shape        (1338, 55)
5   Transformed train set shape         (936, 55)
6    Transformed test set shape         (402, 55)
7              Ordinal features                 2
8              Numeric features                 3
9          Categorical features                 3
10                   Preprocess              True
11              Imputation type            simple
12           Numeric imputation              mean
13       Categorical imputation              mode
14     Maximum one-hot encoding                25
15              Encoding method              None
16          Polynomial features              True
17            Polynomial degree                 2
18                    Normalize              True
19             Normalize method            zscore
20               Fold Generator             KFold
21                  Fold Number                10
22                     CPU Jobs                -1
23                      Use GPU             False
24               Log Experiment             False
25              Experiment Name  reg-default-name
26                          USI              b62f
2024-02-16 10:56:53,892:WARNING:
'xgboost' is a soft dependency and not included in the pycaret installation. Please run: `pip install xgboost` to install.
Alternately, you can install this by running `pip install pycaret[models]`
2024-02-16 10:56:53,893:WARNING:
'catboost' is a soft dependency and not included in the pycaret installation. Please run: `pip install catboost` to install.
Alternately, you can install this by running `pip install pycaret[models]`
2024-02-16 10:56:54,007:WARNING:
'xgboost' is a soft dependency and not included in the pycaret installation. Please run: `pip install xgboost` to install.
Alternately, you can install this by running `pip install pycaret[models]`
2024-02-16 10:56:54,007:WARNING:
'catboost' is a soft dependency and not included in the pycaret installation. Please run: `pip install catboost` to install.
Alternately, you can install this by running `pip install pycaret[models]`
2024-02-16 10:56:54,008:INFO:setup() successfully completed in 2.97s...............
2024-02-16 10:56:54,009:INFO:Initializing create_model()
2024-02-16 10:56:54,009:INFO:create_model(self=<pycaret.regression.oop.RegressionExperiment object at 0x7f66f14f7c10>, estimator=lr, fold=None, round=4, cross_validation=True, predict=True, fit_kwargs=None, groups=None, refit=True, probability_threshold=None, experiment_custom_tags=None, verbose=True, system=True, add_to_model_list=True, metrics=None, display=None, model_only=True, return_train_score=False, error_score=0.0, kwargs={})
2024-02-16 10:56:54,010:INFO:Checking exceptions
2024-02-16 10:56:54,013:INFO:Importing libraries
2024-02-16 10:56:54,014:INFO:Copying training dataset
2024-02-16 10:56:54,018:INFO:Defining folds
2024-02-16 10:56:54,019:INFO:Declaring metric variables
2024-02-16 10:56:54,019:INFO:Importing untrained model
2024-02-16 10:56:54,020:INFO:Linear Regression Imported successfully
2024-02-16 10:56:54,020:INFO:Starting cross validation
2024-02-16 10:56:54,062:INFO:Cross validating with KFold(n_splits=10, random_state=None, shuffle=False), n_jobs=-1
2024-02-16 10:57:35,416:INFO:Calculating mean and std
2024-02-16 10:57:35,417:INFO:Creating metrics dataframe
2024-02-16 10:57:35,422:INFO:Finalizing model
2024-02-16 10:57:35,677:INFO:Uploading results into container
2024-02-16 10:57:35,680:INFO:Uploading model into container now
2024-02-16 10:57:35,708:INFO:_master_model_container: 1
2024-02-16 10:57:35,709:INFO:_display_container: 2
2024-02-16 10:57:35,710:INFO:LinearRegression(n_jobs=-1)
2024-02-16 10:57:35,711:INFO:create_model() successfully completed......................................
2024-02-16 10:57:35,895:INFO:Initializing save_model()
2024-02-16 10:57:35,895:INFO:save_model(model=LinearRegression(n_jobs=-1), model_name=deployment_28042020, prep_pipe_=Pipeline(memory=FastMemory(location=/tmp/joblib),
         steps=[('numerical_imputer',
                 TransformerWrapper(include=['age', 'bmi', 'children'],
                                    transformer=SimpleImputer())),
                ('categorical_imputer',
                 TransformerWrapper(include=['sex', 'smoker', 'region'],
                                    transformer=SimpleImputer(strategy='most_frequent'))),
                ('ordinal_encoding',
                 TransformerWrapper(include=['sex', 'smoker...
                                    transformer=OneHotEncoder(cols=['region'],
                                                              handle_missing='return_nan',
                                                              use_cat_names=True))),
                ('polynomial_features',
                 TransformerWrapper(transformer=PolynomialFeatures(include_bias=False))),
                ('bin_numeric_features',
                 TransformerWrapper(include=['age', 'bmi'],
                                    transformer=KBinsDiscretizer(encode='ordinal',
                                                                 strategy='kmeans'))),
                ('normalize',
                 TransformerWrapper(transformer=StandardScaler()))]), verbose=True, use_case=MLUsecase.REGRESSION, kwargs={})
2024-02-16 10:57:35,895:INFO:Adding model into prep_pipe
2024-02-16 10:57:35,907:INFO:deployment_28042020.pkl saved in current working directory
2024-02-16 10:57:35,955:INFO:Pipeline(memory=Memory(location=None),
         steps=[('numerical_imputer',
                 TransformerWrapper(include=['age', 'bmi', 'children'],
                                    transformer=SimpleImputer())),
                ('categorical_imputer',
                 TransformerWrapper(include=['sex', 'smoker', 'region'],
                                    transformer=SimpleImputer(strategy='most_frequent'))),
                ('ordinal_encoding',
                 TransformerWrapper(include=['sex', 'smoker'],
                                    transfor...
                                                              use_cat_names=True))),
                ('polynomial_features',
                 TransformerWrapper(transformer=PolynomialFeatures(include_bias=False))),
                ('bin_numeric_features',
                 TransformerWrapper(include=['age', 'bmi'],
                                    transformer=KBinsDiscretizer(encode='ordinal',
                                                                 strategy='kmeans'))),
                ('normalize', TransformerWrapper(transformer=StandardScaler())),
                ('trained_model', LinearRegression(n_jobs=-1))])
2024-02-16 10:57:35,955:INFO:save_model() successfully completed......................................
